Warning : License for product VCSRuntime_Net(725) will expire within 23 days, on: 19-dec-2017.

If you would like to temporarily disable this message, set 
 the VCS_LIC_EXPIRE_WARNING environment variable to the number of days
before expiration that you want this message to start (the minimum is 0).
C64: 
C65: 
C66: 
C67: 
C68: 
C69: 
C70: 
C71: 
C72: 
C73: 
C74: 
C75: 
C76: 
C77: 
C78: 
C79: 
C80: 
C81: 
C82: 
C83: 
C84: 
C85: 
C86: 
C87: 
C88: 
C89: 
C90: 
C91: 
C92: 
C93: 
C94: 
C95: 
C96: 
C97: 
C98: 
C99: 
C100: 
C101: 
C102: 
C103: 
C104: 
C105: 
C106: 
C107: 
C108: 
C109: 
C110: 
C111: 
C112: 
C113: 
C114: 
C115: 
C116: 
C117: 
C118: 
C119: 
C120: 
C121: 
C122: 
C123: 
C124: 
C125: 
C126: 
C127: 
C128: 
C129: 
C130: 
C131: 
C132: 
C133: 
C134: 
C135: 
C136: 
C137: 
C138: 
C139: 
C140: 
C141: 
C142: 
C143: 
C144: 
C145: 
C146: 
C147: 
C148: 
C149: 
C150: 
C151: 
C152: 
C153: 
C154: 
C155: 
C156: 
C157: 
C158: 
C159: 
C160: 
C161: 
C162: 
C163: 
C164: 
C165: 
C166: 
C167: 
C168: 
C169: 
C170: 
C171: 
C172: 
C173: 
C174: 
C175: 
C176: 
C177: 
C178: 
C179: 
C180: 
C181: 
C182: 
C183: 
C184: 
C185: 
C186: 
C187: 
C188: 
C189: 
C190: 
C191: 
C192: 
C193: 
C194: 
C195: 
C196: 
C197: 
C198: 
C199: 
C200: 
C201: 
C202: 
C203: 
C204: 
C205: 
C206: 
C207: 
C208: 
C209: 
C210: 
C211: 
C212: 
C213: 
C214: 
C215: 
C216: 
C217: 
C218: 
C219: 
C220: 
C221: 
C222: 
C223: 
C224: 
C225: 
C226: 
C227: 
C228: 
C229: 
C230: 
C231: 
C232: 
*** PASSED *** () after 232 simulation cycles
