Warning : License for product VCSRuntime_Net(725) will expire within 18 days, on: 19-dec-2017.

If you would like to temporarily disable this message, set 
 the VCS_LIC_EXPIRE_WARNING environment variable to the number of days
before expiration that you want this message to start (the minimum is 0).
MB: rw=0 addr=00000000
MB: rw=0 addr=00002000
C64: 
C65: 
C66: 
C67: 
MB: rw=0 addr=00002000
C68: 
C69: 
C70: 
C71: 
MB: rw=0 addr=00002000
C72: 
C73: 
C74: 
C75: 
C76: 
C77: 
*** PASSED *** () after 77 simulation cycles
