Warning : License for product VCSRuntime_Net(725) will expire within 23 days, on: 19-dec-2017.

If you would like to temporarily disable this message, set 
 the VCS_LIC_EXPIRE_WARNING environment variable to the number of days
before expiration that you want this message to start (the minimum is 0).
C64: 
C65: 
C66: 
C67: 
C68: 
C69: 
C70: 
C71: 
C72: 
C73: 
C74: 
C75: 
C76: 
C77: 
C78: 
C79: 
C80: 
C81: 
C82: 
C83: 
C84: 
C85: 
C86: 
C87: 
C88: 
C89: 
C90: 
C91: 
C92: 
C93: 
C94: 
C95: 
C96: 
C97: 
C98: 
C99: 
C100: 
C101: 
C102: 
C103: 
C104: 
C105: 
C106: 
C107: 
C108: 
C109: 
C110: 
C111: 
C112: 
C113: 
C114: 
C115: 
C116: 
C117: 
C118: 
C119: 
C120: 
C121: 
C122: 
C123: 
C124: 
C125: 
C126: 
C127: 
C128: 
C129: 
C130: 
C131: 
C132: 
C133: 
C134: 
C135: 
C136: 
C137: 
C138: 
C139: 
C140: 
*** PASSED *** () after 140 simulation cycles
