# Preference setting overrides
gui_create_pref_key -category {Globals} -key {load_detail_for_funcov} -value_type {bool} -value {false}

# State setting overrides
gui_state_default_create -off -ini
gui_set_state_value -category Globals -key recent_databases -value {{gui_open_db -file /home/cc/eecs151/fa17/class/eecs151-aai/project/vcs-sim-rtl/output/rv32ui-p-simple.vpd -design V1} {gui_open_db -file output/rv32ui-p-beq.vpd} {gui_open_db -file /home/cc/eecs151/fa17/class/eecs151-aai/project/vcs-sim-rtl/output/rv32ui-p-sh.vpd -design V1} {gui_open_db -file rv32ui-p-sh.vpd} {gui_open_db -file /home/cc/eecs151/fa17/class/eecs151-aai/project/vcs-sim-rtl/output/rv32ui-p-sw.vpd -design V1}}
gui_set_state_value -category Globals -key recent_sessions -value {{gui_load_session -file /home/cc/eecs151/fa17/class/eecs151-aai/project/vcs-sim-rtl/output/DVEfiles//crash_11.17:11.04/dve_session11.17:11.04.tcl} {gui_load_session -file /home/cc/eecs151/fa17/class/eecs151-aai/project/vcs-sim-rtl/output/DVEfiles//crash_11.17:10.40/dve_session11.17:10.40.tcl} {gui_load_session -file /home/cc/eecs151/fa17/class/eecs151-aai/project/vcs-sim-rtl/output/DVEfiles//crash_11.15:23.07/dve_session11.15:23.07.tcl} {gui_load_session -file /home/cc/eecs151/fa17/class/eecs151-aai/project/vcs-sim-rtl/output/DVEfiles//crash_11.15:22.23/dve_session11.15:22.23.tcl} {gui_load_session -file /home/cc/eecs151/fa17/class/eecs151-aai/project/vcs-sim-rtl/output/DVEfiles//crash_11.15:11.06/dve_session11.15:11.06.tcl}}
gui_set_state_value -category Layout -key child_console_size_x -value 1358
gui_set_state_value -category Layout -key child_console_size_y -value 178
gui_set_state_value -category Layout -key child_data_coltype -value 58
gui_set_state_value -category Layout -key child_data_colvalue -value 12
gui_set_state_value -category Layout -key child_data_colvariable -value 191
gui_set_state_value -category Layout -key child_data_size_x -value 270
gui_set_state_value -category Layout -key child_data_size_y -value 347
gui_set_state_value -category Layout -key child_hier_col3 -value {-1}
gui_set_state_value -category Layout -key child_hier_colpd -value 0
gui_set_state_value -category Layout -key child_hier_size_x -value 176
gui_set_state_value -category Layout -key child_hier_size_y -value 347
gui_set_state_value -category Layout -key child_source_docknewline -value false
gui_set_state_value -category Layout -key child_source_pos_x -value {-2}
gui_set_state_value -category Layout -key child_source_pos_y -value {-15}
gui_set_state_value -category Layout -key child_source_size_x -value 915
gui_set_state_value -category Layout -key child_source_size_y -value 342
gui_set_state_value -category Layout -key child_wave_colname -value 185
gui_set_state_value -category Layout -key child_wave_colvalue -value 164
gui_set_state_value -category Layout -key child_wave_left -value 353
gui_set_state_value -category Layout -key child_wave_right -value 861
gui_set_state_value -category Layout -key main_pos_y -value 54
gui_set_state_value -category Layout -key main_size_x -value 1363
gui_set_state_value -category Layout -key main_size_y -value 675
gui_set_state_value -category Layout -key stand_wave_child_docknewline -value false
gui_set_state_value -category Layout -key stand_wave_child_pos_x -value {-2}
gui_set_state_value -category Layout -key stand_wave_child_pos_y -value {-15}
gui_set_state_value -category Layout -key stand_wave_child_size_x -value 1224
gui_set_state_value -category Layout -key stand_wave_child_size_y -value 499
gui_set_state_value -category Layout -key stand_wave_top_pos_x -value 58
gui_set_state_value -category Layout -key stand_wave_top_pos_y -value 74
gui_set_state_value -category Layout -key stand_wave_top_size_x -value 1277
gui_set_state_value -category Layout -key stand_wave_top_size_y -value 696
gui_create_state_key -category FindDialog -key m_pMatchCase -value_type bool -value false
gui_create_state_key -category FindDialog -key m_pMatchWord -value_type bool -value false
gui_create_state_key -category FindDialog -key m_pUseCombo -value_type string -value {}
gui_create_state_key -category FindDialog -key m_pWrapAround -value_type bool -value true
gui_state_default_create -off

# Begin command logging
gui_open_db   -file  vcs-sim-rtl/output/rv32ui-p-simple.vpd
gui_list_expand -id  Hier.1   rocketTestHarness
gui_list_expand -id  Hier.1   rocketTestHarness.mem
gui_list_expand -id  Hier.1   rocketTestHarness.dut
gui_list_collapse -id  Hier.1   rocketTestHarness.mem
gui_list_select -id Hier.1 -current_item_name rocketTestHarness.dut.mem -current_item_type Scope  -selected  { rocketTestHarness.dut.mem   }
gui_list_expand -id  Hier.1   rocketTestHarness.dut.mem
gui_list_select -id Data.1 -selected  { rocketTestHarness.dut.mem.clk   }
gui_list_select -id Data.1 -selected  { rocketTestHarness.dut.mem.clk  rocketTestHarness.dut.mem.reset   }
gui_list_select -id Data.1 -selected  { rocketTestHarness.dut.mem.clk  rocketTestHarness.dut.mem.reset  {rocketTestHarness.dut.mem.icache_addr[31:0]}   }
gui_list_select -id Data.1 -selected  { rocketTestHarness.dut.mem.clk  rocketTestHarness.dut.mem.reset  {rocketTestHarness.dut.mem.icache_addr[31:0]}  {rocketTestHarness.dut.mem.icache_dout[31:0]}   }
gui_list_select -id Data.1 -selected  { rocketTestHarness.dut.mem.clk  rocketTestHarness.dut.mem.reset  {rocketTestHarness.dut.mem.icache_addr[31:0]}  {rocketTestHarness.dut.mem.icache_dout[31:0]}  rocketTestHarness.dut.mem.stall   }
gui_list_select -id Data.1 -selected  { rocketTestHarness.dut.mem.clk  rocketTestHarness.dut.mem.reset  {rocketTestHarness.dut.mem.icache_addr[31:0]}  {rocketTestHarness.dut.mem.icache_dout[31:0]}  rocketTestHarness.dut.mem.stall  rocketTestHarness.dut.mem.mem_req_valid   }
gui_list_select -id Data.1 -selected  { rocketTestHarness.dut.mem.clk  rocketTestHarness.dut.mem.reset  {rocketTestHarness.dut.mem.icache_addr[31:0]}  {rocketTestHarness.dut.mem.icache_dout[31:0]}  rocketTestHarness.dut.mem.stall  rocketTestHarness.dut.mem.mem_req_valid  rocketTestHarness.dut.mem.mem_req_ready   }
gui_list_select -id Data.1 -selected  { rocketTestHarness.dut.mem.clk  rocketTestHarness.dut.mem.reset  {rocketTestHarness.dut.mem.icache_addr[31:0]}  {rocketTestHarness.dut.mem.icache_dout[31:0]}  rocketTestHarness.dut.mem.stall  rocketTestHarness.dut.mem.mem_req_valid  rocketTestHarness.dut.mem.mem_req_ready  rocketTestHarness.dut.mem.mem_req_rw   }
gui_list_select -id Data.1 -selected  { rocketTestHarness.dut.mem.clk  rocketTestHarness.dut.mem.reset  {rocketTestHarness.dut.mem.icache_addr[31:0]}  {rocketTestHarness.dut.mem.icache_dout[31:0]}  rocketTestHarness.dut.mem.stall  rocketTestHarness.dut.mem.mem_req_valid  rocketTestHarness.dut.mem.mem_req_ready  rocketTestHarness.dut.mem.mem_req_rw  {rocketTestHarness.dut.mem.mem_req_addr[27:0]}   }
gui_list_select -id Data.1 -selected  { rocketTestHarness.dut.mem.clk  rocketTestHarness.dut.mem.reset  {rocketTestHarness.dut.mem.icache_addr[31:0]}  {rocketTestHarness.dut.mem.icache_dout[31:0]}  rocketTestHarness.dut.mem.stall  rocketTestHarness.dut.mem.mem_req_valid  rocketTestHarness.dut.mem.mem_req_ready  rocketTestHarness.dut.mem.mem_req_rw  {rocketTestHarness.dut.mem.mem_req_addr[27:0]}  {rocketTestHarness.dut.mem.mem_req_tag[4:0]}   }
gui_list_select -id Data.1 { rocketTestHarness.dut.mem.mem_req_data_valid   }
gui_list_select -id Data.1 { rocketTestHarness.dut.mem.mem_req_data_ready   }
gui_list_select -id Data.1 { {rocketTestHarness.dut.mem.mem_req_data_bits[127:0]}   }
gui_list_select -id Data.1 { {rocketTestHarness.dut.mem.mem_req_data_mask[15:0]}   }
gui_list_select -id Data.1 { rocketTestHarness.dut.mem.mem_resp_valid   }
gui_list_select -id Data.1 { {rocketTestHarness.dut.mem.mem_resp_data[127:0]}   }
gui_list_select -id Data.1 { {rocketTestHarness.dut.mem.mem_resp_tag[4:0]}   }
gui_open_window Wave
gui_list_add -id Wave.1 -from Data.1 { rocketTestHarness.dut.mem.clk rocketTestHarness.dut.mem.reset {rocketTestHarness.dut.mem.icache_addr[31:0]} {rocketTestHarness.dut.mem.icache_dout[31:0]} rocketTestHarness.dut.mem.stall rocketTestHarness.dut.mem.mem_req_valid rocketTestHarness.dut.mem.mem_req_ready rocketTestHarness.dut.mem.mem_req_rw {rocketTestHarness.dut.mem.mem_req_addr[27:0]} {rocketTestHarness.dut.mem.mem_req_tag[4:0]} rocketTestHarness.dut.mem.mem_req_data_valid rocketTestHarness.dut.mem.mem_req_data_ready {rocketTestHarness.dut.mem.mem_req_data_bits[127:0]} {rocketTestHarness.dut.mem.mem_req_data_mask[15:0]} rocketTestHarness.dut.mem.mem_resp_valid {rocketTestHarness.dut.mem.mem_resp_data[127:0]} {rocketTestHarness.dut.mem.mem_resp_tag[4:0]} } -insertionbar
gui_marker_move -id  Wave.1 C1 1043
gui_zoom -window Wave.1 -full
gui_wv_zoom_timerange -id  Wave.1 1000 23811714
gui_wv_zoom_timerange -id  Wave.1 1000 7484367
gui_wv_zoom_timerange -id  Wave.1 1000 4179213
gui_wv_zoom_timerange -id  Wave.1 786902 2612383
gui_list_select -id Data.1 -selected  { {rocketTestHarness.dut.cpu.PCprime[31:0]}   }
gui_list_add -id Wave.1 -from Data.1 { {rocketTestHarness.dut.cpu.PCprime[31:0]} } -insertionbar
gui_wv_zoom_timerange -id  Wave.1 787695 2613176
gui_wv_zoom_timerange -id  Wave.1 787695 2624042
gui_wv_zoom_timerange -id  Wave.1 787695 2634908
gui_wv_zoom_timerange -id  Wave.1 787695 2743567
gui_wv_zoom_timerange -id  Wave.1 787695 2802244
gui_wv_zoom_timerange -id  Wave.1 787695 2926116
gui_wv_zoom_timerange -id  Wave.1 787695 2939155
gui_wv_zoom_timerange -id  Wave.1 787695 2943501
gui_wv_zoom_timerange -id  Wave.1 787695 2950021
gui_wv_zoom_timerange -id  Wave.1 787695 2956540
gui_wv_zoom_timerange -id  Wave.1 787695 2956540
gui_wv_zoom_timerange -id  Wave.1 787695 2956540
gui_wv_zoom_timerange -id  Wave.1 787695 2960887
gui_list_select -id Wave.1 -selected  { {rocketTestHarness.dut.cpu.PCprime[31:0]}   }
gui_list_move  -id  Wave.1    -sid  Wave.1   -after rocketTestHarness.dut.mem.reset {{rocketTestHarness.dut.cpu.PCprime[31:0]}} 
gui_wv_zoom_timerange -id  Wave.1 955031 1606989
gui_wv_zoom_timerange -id  Wave.1 989368 1119760
gui_list_select -id Data.1 -selected  { rocketTestHarness.dut.mem.icache.cpu_req_val   }
gui_list_select -id Data.1 -selected  { rocketTestHarness.dut.mem.icache.cpu_req_val  rocketTestHarness.dut.mem.icache.cpu_req_rdy  {rocketTestHarness.dut.mem.icache.cpu_req_addr[29:0]}  {rocketTestHarness.dut.mem.icache.cpu_req_data[31:0]}  {rocketTestHarness.dut.mem.icache.cpu_req_write[3:0]}  rocketTestHarness.dut.mem.icache.cpu_resp_val  {rocketTestHarness.dut.mem.icache.cpu_resp_data[31:0]}   }
gui_list_add -id Wave.1 -from Data.1 { rocketTestHarness.dut.mem.icache.cpu_req_val rocketTestHarness.dut.mem.icache.cpu_req_rdy {rocketTestHarness.dut.mem.icache.cpu_req_addr[29:0]} {rocketTestHarness.dut.mem.icache.cpu_req_data[31:0]} {rocketTestHarness.dut.mem.icache.cpu_req_write[3:0]} rocketTestHarness.dut.mem.icache.cpu_resp_val {rocketTestHarness.dut.mem.icache.cpu_resp_data[31:0]} } -insertionbar
gui_marker_move -id  Wave.1 C1 1079342
gui_list_sort -id  Data.1   {Variable}
gui_list_select -id Data.1 -selected  { {rocketTestHarness.dut.mem.icache.next_state[3:0]}   }
gui_list_select -id Data.1 -selected  { {rocketTestHarness.dut.mem.icache.next_state[3:0]}  {rocketTestHarness.dut.mem.icache.current_state[3:0]}   }
gui_list_create_group_when_add -wave -enable
gui_list_add -id Wave.1 -from Data.1 { {rocketTestHarness.dut.mem.icache.current_state[3:0]} {rocketTestHarness.dut.mem.icache.next_state[3:0]} } -insertionbar
gui_list_select -id Data.1 -selected  { rocketTestHarness.dut.mem.icache.hit   }
gui_list_create_group_when_add -wave -disable
gui_list_add -id Wave.1 -from Data.1 { rocketTestHarness.dut.mem.icache.hit } -insertionbar
gui_list_select -id Data.1 -selected  { {rocketTestHarness.dut.mem.icache.tag_sram_out[31:0]}   }
gui_list_add -id Wave.1 -from Data.1 { {rocketTestHarness.dut.mem.icache.tag_sram_out[31:0]} } -insertionbar
gui_list_select -id Wave.1 -selected  { {rocketTestHarness.dut.mem.icache.next_state[3:0]}   }
gui_marker_move -id  Wave.1 C1 991458
gui_list_select -id Data.1 -selected  { {rocketTestHarness.dut.mem.icache.tag[22:0]}   }
gui_list_add -id Wave.1 -from Data.1 { {rocketTestHarness.dut.mem.icache.tag[22:0]} } -insertionbar
gui_save_session -reload -default_file
gui_marker_move -id  Wave.1 C1 1025229
gui_zoom -window Wave.1 -full
gui_wv_zoom_timerange -id  Wave.1 1000 9441472
gui_wv_zoom_timerange -id  Wave.1 794000 2880344
gui_wv_zoom_timerange -id  Wave.1 952373 1799429
gui_list_select -id Wave.1 -selected  { {rocketTestHarness.dut.mem.icache.cpu_req_data[31:0]}   }
gui_delete_selected -id  Wave.1
gui_marker_move -id  Wave.1 C1 1152149
gui_marker_move -id  Wave.1 C1 1001373
gui_marker_move -id  Wave.1 C1 988667
gui_wv_zoom_timerange -id  Wave.1 996291 1476572
gui_list_select -id Wave.1 -selected  { rocketTestHarness.dut.mem.icache.hit   }
gui_list_select -id Wave.1 -selected  { {rocketTestHarness.dut.mem.icache.tag_sram_out[31:0]}   }
gui_list_select -id Wave.1 -selected  { {rocketTestHarness.dut.mem.icache.tag[22:0]}   }
gui_list_select -id Wave.1 -selected  { {rocketTestHarness.dut.mem.icache.tag_sram_out[31:0]}   }
gui_list_select -id Wave.1 -selected  { {rocketTestHarness.dut.mem.icache.tag[22:0]}   }
gui_list_select -id Wave.1 -selected  { {rocketTestHarness.dut.mem.icache.tag_sram_out[31:0]}   }
gui_marker_move -id  Wave.1 C1 1067704
gui_wv_zoom_timerange -id  Wave.1 1057618 1072507
gui_wv_scrollright -id  Wave.1  line
gui_wv_scrollright -id  Wave.1  line
gui_wv_scrollright -id  Wave.1  line
gui_wv_scrollright -id  Wave.1  line
gui_wv_scrollright -id  Wave.1  line
gui_wv_scrollright -id  Wave.1  line
gui_wv_scrollright -id  Wave.1  line
gui_wv_scrollright -id  Wave.1  line
gui_wv_scrollright -id  Wave.1  line
gui_wv_scrollright -id  Wave.1  line
gui_wv_scrollright -id  Wave.1  line
gui_wv_scrollright -id  Wave.1  line
gui_wv_scrollright -id  Wave.1  line
gui_wv_scrollright -id  Wave.1  line
gui_wv_scrollright -id  Wave.1  line
gui_wv_scrollright -id  Wave.1  line
gui_wv_scrollright -id  Wave.1  line
gui_wv_scrollright -id  Wave.1  line
gui_wv_scrollright -id  Wave.1  line
gui_wv_scrollright -id  Wave.1  line
gui_wv_scrollright -id  Wave.1  line
gui_wv_scrollright -id  Wave.1  line
gui_wv_scrollright -id  Wave.1  line
gui_wv_scrollright -id  Wave.1  line
gui_wv_scrollright -id  Wave.1  line
gui_wv_scrollright -id  Wave.1  line
gui_wv_scrollright -id  Wave.1  line
gui_wv_scrollright -id  Wave.1  line
gui_wv_scrollright -id  Wave.1  line
gui_wv_scrollright -id  Wave.1  line
gui_wv_scrollright -id  Wave.1  line
gui_wv_scrollright -id  Wave.1  line
gui_wv_scroll_hslidermove -id  Wave.1 0
gui_zoom -window Wave.1 -full
gui_wv_zoom_timerange -id  Wave.1 1000 3521176
gui_wv_zoom_timerange -id  Wave.1 944407 1493555
gui_wv_zoom_timerange -id  Wave.1 1000449 1304677
gui_wv_scrollleft -id  Wave.1  line
gui_wv_scrollleft -id  Wave.1  line
gui_wv_scrollleft -id  Wave.1  line
gui_wv_scrollleft -id  Wave.1  line
gui_wv_scrollleft -id  Wave.1  line
gui_wv_scrollleft -id  Wave.1  line
gui_wv_scrollleft -id  Wave.1  line
gui_wv_scrollleft -id  Wave.1  line
gui_wv_scrollleft -id  Wave.1  line
gui_wv_scrollleft -id  Wave.1  line
gui_wv_scrollleft -id  Wave.1  line
gui_wv_scrollleft -id  Wave.1  line
gui_wv_scrollleft -id  Wave.1  line
gui_wv_scrollleft -id  Wave.1  line
gui_wv_scrollleft -id  Wave.1  line
gui_wv_scrollleft -id  Wave.1  line
gui_wv_scrollleft -id  Wave.1  line
gui_wv_scrollleft -id  Wave.1  line
gui_wv_scrollleft -id  Wave.1  line
gui_wv_scrollleft -id  Wave.1  line
gui_wv_scrollleft -id  Wave.1  line
gui_wv_scrollleft -id  Wave.1  line
gui_wv_scrollleft -id  Wave.1  line
gui_wv_scrollleft -id  Wave.1  line
gui_wv_scrollleft -id  Wave.1  line
gui_wv_scrollleft -id  Wave.1  line
gui_wv_scrollleft -id  Wave.1  line
gui_wv_scrollleft -id  Wave.1  line
gui_wv_scrollleft -id  Wave.1  line
gui_wv_scrollleft -id  Wave.1  line
gui_wv_scrollleft -id  Wave.1  line
gui_wv_scrollleft -id  Wave.1  line
gui_wv_scrollleft -id  Wave.1  line
gui_wv_scrollleft -id  Wave.1  line
gui_wv_scrollleft -id  Wave.1  line
gui_wv_scrollleft -id  Wave.1  line
gui_wv_scrollleft -id  Wave.1  line
gui_wv_scrollleft -id  Wave.1  line
gui_wv_scrollleft -id  Wave.1  line
gui_wv_scrollleft -id  Wave.1  line
gui_wv_scrollleft -id  Wave.1  line
gui_wv_scrollleft -id  Wave.1  line
gui_wv_scrollleft -id  Wave.1  line
gui_wv_scrollleft -id  Wave.1  line
gui_wv_scrollleft -id  Wave.1  line
gui_wv_scrollleft -id  Wave.1  line
gui_wv_scrollleft -id  Wave.1  line
gui_wv_scrollleft -id  Wave.1  line
gui_wv_scrollleft -id  Wave.1  line
gui_wv_scrollleft -id  Wave.1  line
gui_wv_scrollleft -id  Wave.1  line
gui_wv_scrollleft -id  Wave.1  line
gui_wv_scrollleft -id  Wave.1  line
gui_wv_scrollleft -id  Wave.1  line
gui_marker_move -id  Wave.1 C1 246208
gui_zoom -window Wave.1 -full
gui_wv_zoom_timerange -id  Wave.1 1000 4161208
gui_wv_zoom_timerange -id  Wave.1 1000 396220
gui_wv_zoom_timerange -id  Wave.1 1000 53959
gui_save_session -reload -default_file
gui_set_time_units 1us
gui_set_time_units 10ns
gui_save_session -reload -default_file
gui_zoom -window Wave.1 -full
gui_wv_zoom_timerange -id  Wave.1 0.01 88.0144
gui_wv_zoom_timerange -id  Wave.1 9.25046 14.97075
gui_save_session -reload -default_file
gui_wv_zoom_timerange -id  Wave.1 13.3726 14.09907
gui_zoom -window Wave.1 -full
gui_marker_select -id  Wave.1 { C1 }
gui_marker_move -id  Wave.1 C1 51.21256
gui_wv_zoom_timerange -id  Wave.1 3.21016 78.41392
gui_wv_zoom_timerange -id  Wave.1 8.95925 26.85774
gui_wv_zoom_timerange -id  Wave.1 9.29932 13.98872
gui_wv_scrollright -id  Wave.1  line
gui_marker_move -id  Wave.1 C1 13.68
gui_scroll -window Wave.1 -hrel -.2
gui_scroll -window Wave.1 -hrel .2
gui_marker_move -id  Wave.1 C1 13.61864
gui_marker_move -id  Wave.1 C1 10.43923
gui_list_select -id Wave.1 -selected  { {rocketTestHarness.dut.mem.mem_resp_data[127:0]}   }
gui_marker_move -id  Wave.1 C1 10.08752
gui_list_select -id Wave.1 -selected  { {rocketTestHarness.dut.mem.mem_req_addr[27:0]}   }
gui_marker_move -id  Wave.1 C1 11.51779
gui_wv_zoom_timerange -id  Wave.1 11.5131 11.75226
gui_zoom -window Wave.1 -full
gui_wv_zoom_timerange -id  Wave.1 0.01 67.21336
gui_wv_zoom_timerange -id  Wave.1 8.47762 17.9533
gui_save_session -reload -default_file
gui_wv_scrollright -id  Wave.1  line
gui_wv_scrollright -id  Wave.1  line
gui_wv_scrollright -id  Wave.1  line
gui_wv_scrollright -id  Wave.1  line
gui_wv_scrollright -id  Wave.1  line
gui_wv_scrollright -id  Wave.1  line
gui_wv_scrollright -id  Wave.1  line
gui_wv_scrollright -id  Wave.1  line
gui_wv_scrollright -id  Wave.1  line
gui_wv_scrollright -id  Wave.1  line
gui_wv_scrollright -id  Wave.1  line
gui_wv_scrollright -id  Wave.1  line
gui_wv_scrollright -id  Wave.1  line
gui_wv_scrollright -id  Wave.1  line
gui_wv_scrollright -id  Wave.1  line
gui_wv_scrollright -id  Wave.1  line
gui_wv_scrollright -id  Wave.1  line
gui_wv_scrollright -id  Wave.1  line
gui_wv_scrollright -id  Wave.1  line
gui_wv_scrollright -id  Wave.1  line
gui_wv_scrollright -id  Wave.1  line
gui_wv_scrollright -id  Wave.1  line
gui_wv_scrollleft -id  Wave.1  line
gui_wv_scrollleft -id  Wave.1  line
gui_wv_scrollleft -id  Wave.1  line
gui_wv_scrollleft -id  Wave.1  line
gui_wv_scrollleft -id  Wave.1  line
gui_wv_scrollleft -id  Wave.1  line
gui_wv_scrollleft -id  Wave.1  line
gui_wv_scrollleft -id  Wave.1  line
gui_wv_scrollleft -id  Wave.1  line
gui_wv_scrollleft -id  Wave.1  line
gui_wv_scrollleft -id  Wave.1  line
gui_wv_scrollleft -id  Wave.1  line
gui_wv_scrollleft -id  Wave.1  line
gui_wv_scrollleft -id  Wave.1  line
gui_wv_scrollleft -id  Wave.1  line
gui_wv_scrollleft -id  Wave.1  line
gui_wv_scrollleft -id  Wave.1  line
gui_wv_scrollleft -id  Wave.1  line
gui_wv_scrollleft -id  Wave.1  line
gui_wv_scrollleft -id  Wave.1  line
gui_wv_scrollleft -id  Wave.1  line
gui_wv_scrollleft -id  Wave.1  line
gui_wv_scrollleft -id  Wave.1  line
gui_wv_scrollleft -id  Wave.1  line
gui_wv_scrollleft -id  Wave.1  line
gui_wv_scrollleft -id  Wave.1  line
gui_wv_scrollleft -id  Wave.1  line
gui_wv_scrollleft -id  Wave.1  line
gui_wv_scrollright -id  Wave.1  line
gui_wv_scrollright -id  Wave.1  line
gui_wv_scrollright -id  Wave.1  line
gui_wv_scrollright -id  Wave.1  line
gui_wv_scrollright -id  Wave.1  line
gui_wv_scrollright -id  Wave.1  line
gui_list_select -id Wave.1 -selected  { {rocketTestHarness.dut.mem.mem_req_data_mask[15:0]}   }
gui_delete_selected -id  Wave.1
gui_list_select -id Wave.1 -selected  { {rocketTestHarness.dut.mem.icache.tag[22:0]}   }
gui_delete_selected -id  Wave.1
gui_list_select -id Wave.1 -selected  { rocketTestHarness.dut.mem.icache.hit   }
gui_delete_selected -id  Wave.1
gui_list_select -id Wave.1 -selected  { {rocketTestHarness.dut.mem.icache.cpu_req_write[3:0]}   }
gui_delete_selected -id  Wave.1
gui_marker_move -id  Wave.1 C1 10.29111
gui_wv_zoom_timerange -id  Wave.1 10.14898 11.28606
gui_zoom -window Wave.1 -factor 0.5
gui_zoom -window Wave.1 -factor 0.5
gui_zoom -window Wave.1 -factor 0.5
gui_list_select -id Wave.1 -selected  { {rocketTestHarness.dut.mem.mem_req_data_bits[127:0]}   }
gui_delete_selected -id  Wave.1
gui_list_select -id Wave.1 -selected  { rocketTestHarness.dut.mem.mem_req_data_valid   }
gui_list_select -id Wave.1 -selected  { rocketTestHarness.dut.mem.mem_req_data_valid  rocketTestHarness.dut.mem.mem_req_data_ready   }
gui_delete_selected -id  Wave.1
gui_list_select -id Wave.1 -selected  { {rocketTestHarness.dut.mem.icache_addr[31:0]}   }
gui_list_move  -id  Wave.1    -sid  Wave.1   -after {rocketTestHarness.dut.cpu.PCprime[31:0]} {{rocketTestHarness.dut.mem.icache_addr[31:0]}} 
gui_list_select -id Data.1 -selected  { {rocketTestHarness.dut.mem.icache.load_addr[25:0]}   }
gui_list_add -id Wave.1 -from Data.1 { {rocketTestHarness.dut.mem.icache.load_addr[25:0]} } -insertionbar
gui_list_select -id Wave.1 -selected  { {New Group}   }
gui_list_select -id Wave.1 -selected  { {rocketTestHarness.dut.mem.icache.load_addr[25:0]}   }
gui_marker_move -id  Wave.1 C1 8.83374
gui_marker_move -id  Wave.1 C1 9.19761
gui_list_select -id Wave.1 -selected  { {rocketTestHarness.dut.mem.icache.cpu_req_addr[29:0]}   }
gui_marker_move -id  Wave.1 C1 8.78826
gui_list_select -id Wave.1 -selected  { rocketTestHarness.dut.mem.clk   }
gui_list_select -id Wave.1 -selected  { {rocketTestHarness.dut.mem.icache.cpu_req_addr[29:0]}   }
gui_list_move  -id  Wave.1    -sid  Wave.1   -after {rocketTestHarness.dut.mem.icache.load_addr[25:0]} {{rocketTestHarness.dut.mem.icache.cpu_req_addr[29:0]}} 
gui_wv_scrollright -id  Wave.1  line
gui_wv_scrollright -id  Wave.1  line
gui_wv_scrollright -id  Wave.1  line
gui_wv_scrollright -id  Wave.1  line
gui_wv_scrollright -id  Wave.1  line
gui_wv_scrollright -id  Wave.1  line
gui_wv_scrollright -id  Wave.1  line
gui_wv_scrollright -id  Wave.1  line
gui_wv_scrollright -id  Wave.1  line
gui_wv_scrollright -id  Wave.1  line
gui_wv_scrollright -id  Wave.1  line
gui_wv_scrollright -id  Wave.1  line
gui_wv_scrollright -id  Wave.1  line
gui_wv_scrollright -id  Wave.1  line
gui_wv_scrollright -id  Wave.1  line
gui_wv_scrollright -id  Wave.1  line
gui_wv_scrollright -id  Wave.1  line
gui_wv_scrollright -id  Wave.1  line
gui_wv_scrollright -id  Wave.1  line
gui_wv_scrollright -id  Wave.1  line
gui_wv_scrollright -id  Wave.1  line
gui_wv_scrollright -id  Wave.1  line
gui_wv_scrollright -id  Wave.1  line
gui_wv_scrollright -id  Wave.1  line
gui_wv_scrollright -id  Wave.1  line
gui_wv_scrollright -id  Wave.1  line
gui_wv_scrollright -id  Wave.1  line
gui_wv_scrollright -id  Wave.1  line
gui_wv_scrollright -id  Wave.1  line
gui_wv_scrollright -id  Wave.1  line
gui_wv_scrollright -id  Wave.1  line
gui_wv_scrollright -id  Wave.1  line
gui_wv_scrollright -id  Wave.1  line
gui_wv_scrollright -id  Wave.1  line
gui_wv_scrollright -id  Wave.1  line
gui_wv_scrollright -id  Wave.1  line
gui_wv_scrollright -id  Wave.1  line
gui_wv_scrollright -id  Wave.1  line
gui_wv_scrollright -id  Wave.1  line
gui_wv_scrollright -id  Wave.1  line
gui_wv_scrollright -id  Wave.1  line
gui_wv_scrollright -id  Wave.1  line
gui_wv_scrollright -id  Wave.1  line
gui_wv_scrollright -id  Wave.1  line
gui_wv_scrollright -id  Wave.1  line
gui_wv_scrollright -id  Wave.1  line
gui_wv_scrollright -id  Wave.1  line
gui_wv_scrollright -id  Wave.1  line
gui_wv_scrollright -id  Wave.1  line
gui_wv_scrollright -id  Wave.1  line
gui_wv_scrollright -id  Wave.1  line
gui_wv_scrollright -id  Wave.1  line
gui_wv_scrollright -id  Wave.1  line
gui_wv_scrollright -id  Wave.1  line
gui_wv_scrollright -id  Wave.1  line
gui_wv_scrollright -id  Wave.1  line
gui_wv_scrollright -id  Wave.1  line
gui_wv_scrollright -id  Wave.1  line
gui_wv_scrollright -id  Wave.1  line
gui_wv_scrollright -id  Wave.1  line
gui_wv_scrollright -id  Wave.1  line
gui_wv_scrollright -id  Wave.1  line
gui_wv_scrollright -id  Wave.1  line
gui_wv_scrollright -id  Wave.1  line
gui_wv_scrollright -id  Wave.1  line
gui_wv_scrollright -id  Wave.1  line
gui_wv_scrollright -id  Wave.1  line
gui_wv_scrollright -id  Wave.1  line
gui_wv_scrollright -id  Wave.1  line
gui_wv_scrollright -id  Wave.1  line
gui_wv_scrollright -id  Wave.1  line
gui_wv_scrollright -id  Wave.1  line
gui_wv_scrollright -id  Wave.1  line
gui_wv_scrollright -id  Wave.1  line
gui_wv_scrollright -id  Wave.1  line
gui_wv_scrollright -id  Wave.1  line
gui_wv_scrollright -id  Wave.1  line
gui_wv_scrollright -id  Wave.1  line
gui_wv_scrollright -id  Wave.1  line
gui_wv_scrollright -id  Wave.1  line
gui_wv_scrollright -id  Wave.1  line
gui_wv_scrollright -id  Wave.1  line
gui_wv_scrollright -id  Wave.1  line
gui_wv_scrollright -id  Wave.1  line
gui_wv_scrollright -id  Wave.1  line
gui_wv_scrollright -id  Wave.1  line
gui_wv_scrollright -id  Wave.1  line
gui_wv_scrollright -id  Wave.1  line
gui_wv_scrollright -id  Wave.1  line
gui_wv_scrollright -id  Wave.1  line
gui_wv_scrollright -id  Wave.1  line
gui_wv_scrollright -id  Wave.1  line
gui_wv_scrollright -id  Wave.1  line
gui_wv_scrollright -id  Wave.1  line
gui_wv_scrollright -id  Wave.1  line
gui_wv_scrollright -id  Wave.1  line
gui_wv_scrollright -id  Wave.1  line
gui_wv_scrollright -id  Wave.1  line
gui_wv_scrollright -id  Wave.1  line
gui_wv_scrollright -id  Wave.1  line
gui_wv_scrollright -id  Wave.1  line
gui_wv_scrollright -id  Wave.1  line
gui_wv_scrollright -id  Wave.1  line
gui_wv_scrollright -id  Wave.1  line
gui_wv_scrollright -id  Wave.1  line
gui_wv_scrollright -id  Wave.1  line
gui_wv_scrollright -id  Wave.1  line
gui_wv_scrollright -id  Wave.1  line
gui_wv_scrollright -id  Wave.1  line
gui_wv_scrollright -id  Wave.1  line
gui_wv_scrollright -id  Wave.1  line
gui_wv_scrollright -id  Wave.1  line
gui_wv_scrollright -id  Wave.1  line
gui_wv_scrollright -id  Wave.1  line
gui_wv_scrollright -id  Wave.1  line
gui_wv_scrollright -id  Wave.1  line
gui_wv_scrollright -id  Wave.1  line
gui_wv_scrollright -id  Wave.1  line
gui_wv_scrollright -id  Wave.1  line
gui_wv_scrollright -id  Wave.1  line
gui_wv_scrollright -id  Wave.1  line
gui_wv_scrollright -id  Wave.1  line
gui_wv_scrollright -id  Wave.1  line
gui_wv_scrollright -id  Wave.1  line
gui_wv_scrollright -id  Wave.1  line
gui_wv_scrollright -id  Wave.1  line
gui_wv_scrollright -id  Wave.1  line
gui_wv_scrollright -id  Wave.1  line
gui_wv_scrollright -id  Wave.1  line
gui_wv_scrollright -id  Wave.1  line
gui_wv_scrollright -id  Wave.1  line
gui_wv_scrollright -id  Wave.1  line
gui_wv_scrollright -id  Wave.1  line
gui_wv_scrollright -id  Wave.1  line
gui_wv_scrollright -id  Wave.1  line
gui_wv_scrollright -id  Wave.1  line
gui_wv_scrollright -id  Wave.1  line
gui_wv_scrollright -id  Wave.1  line
gui_wv_scrollright -id  Wave.1  line
gui_wv_scrollright -id  Wave.1  line
gui_wv_scrollright -id  Wave.1  line
gui_wv_scrollright -id  Wave.1  line
gui_wv_scrollright -id  Wave.1  line
gui_wv_scrollright -id  Wave.1  line
gui_wv_scrollright -id  Wave.1  line
gui_wv_scrollright -id  Wave.1  line
gui_wv_scrollright -id  Wave.1  line
gui_wv_scrollright -id  Wave.1  line
gui_wv_scrollright -id  Wave.1  line
gui_wv_scrollright -id  Wave.1  line
gui_wv_scrollright -id  Wave.1  line
gui_zoom -window Wave.1 -full
gui_wv_zoom_timerange -id  Wave.1 0.01 56.0128
gui_wv_zoom_timerange -id  Wave.1 8.24241 17.53888
gui_list_select -id Wave.1 -selected  { {rocketTestHarness.dut.mem.mem_req_addr[27:0]}   }
gui_list_move  -id  Wave.1    -sid  Wave.1   -after {rocketTestHarness.dut.mem.icache.cpu_req_addr[29:0]} {{rocketTestHarness.dut.mem.mem_req_addr[27:0]}} 
gui_wv_zoom_timerange -id  Wave.1 10.0223 11.16576
gui_wv_scrollleft -id  Wave.1  line
gui_wv_scrollleft -id  Wave.1  line
gui_wv_scrollleft -id  Wave.1  line
gui_wv_scrollleft -id  Wave.1  line
gui_wv_scrollleft -id  Wave.1  line
gui_wv_scrollright -id  Wave.1  line
gui_wv_scrollright -id  Wave.1  line
gui_wv_scrollright -id  Wave.1  line
gui_wv_scrollleft -id  Wave.1  line
gui_wv_scrollleft -id  Wave.1  line
gui_wv_scrollleft -id  Wave.1  line
gui_marker_move -id  Wave.1 C1 9.81631
gui_marker_move -id  Wave.1 C1 9.98555
gui_marker_move -id  Wave.1 C1 10.26455
gui_list_select -id Wave.1 -selected  { {rocketTestHarness.dut.mem.icache.tag_sram_out[31:0]}   }
gui_list_select -id Wave.1 -selected  { rocketTestHarness.dut.mem.stall   }
gui_save_session -reload -default_file
gui_list_select -id Wave.1 -selected  { {rocketTestHarness.dut.mem.icache.load_addr[25:0]}   }
gui_list_select -id Wave.1 -selected  { {rocketTestHarness.dut.mem.mem_req_addr[27:0]}   }
gui_list_select -id Wave.1 -selected  { {rocketTestHarness.dut.mem.icache.cpu_req_addr[29:0]}   }
gui_list_select -id Wave.1 -selected  { {rocketTestHarness.dut.mem.icache.tag_sram_out[31:0]}   }
gui_delete_selected -id  Wave.1
gui_list_select -id Wave.1 -selected  { {rocketTestHarness.dut.mem.mem_resp_tag[4:0]}   }
gui_delete_selected -id  Wave.1
gui_list_select -id Wave.1 -selected  { {rocketTestHarness.dut.mem.mem_req_tag[4:0]}   }
gui_list_select -id Wave.1 -selected  { rocketTestHarness.dut.mem.mem_resp_valid   }
gui_list_select -id Data.1 -selected  { {rocketTestHarness.dut.mem.icache.load_tag[22:0]}   }
gui_list_add -id Wave.1 -from Data.1 { {rocketTestHarness.dut.mem.icache.load_tag[22:0]} } -insertionbar
gui_list_select -id Wave.1 -selected  { {New Group}   }
gui_list_select -id Wave.1 -selected  { {rocketTestHarness.dut.mem.icache.load_tag[22:0]}   }
gui_list_select -id Wave.1 -selected  { {rocketTestHarness.dut.mem.mem_req_addr[27:0]}   }
gui_list_select -id Wave.1 -selected  { {rocketTestHarness.dut.mem.icache.load_tag[22:0]}   }
gui_save_session -reload -default_file
gui_save_session -reload -default_file
gui_wv_scrollright -id  Wave.1  line
gui_wv_scrollright -id  Wave.1  line
gui_wv_scrollright -id  Wave.1  line
gui_wv_scrollright -id  Wave.1  line
gui_wv_scrollright -id  Wave.1  line
gui_wv_scrollright -id  Wave.1  line
gui_wv_scrollright -id  Wave.1  line
gui_wv_scrollright -id  Wave.1  line
gui_wv_scrollright -id  Wave.1  line
gui_wv_scrollright -id  Wave.1  line
gui_wv_scrollright -id  Wave.1  line
gui_wv_scrollright -id  Wave.1  line
gui_wv_scrollright -id  Wave.1  line
gui_wv_scrollright -id  Wave.1  line
gui_wv_scrollright -id  Wave.1  line
gui_wv_scrollright -id  Wave.1  line
gui_wv_scrollright -id  Wave.1  line
gui_wv_scrollright -id  Wave.1  line
gui_wv_scrollright -id  Wave.1  line
gui_wv_scrollright -id  Wave.1  line
gui_wv_scrollleft -id  Wave.1  line
gui_wv_scrollleft -id  Wave.1  line
gui_wv_scrollleft -id  Wave.1  line
gui_wv_scrollleft -id  Wave.1  line
gui_wv_scrollleft -id  Wave.1  line
gui_wv_scrollleft -id  Wave.1  line
gui_wv_scrollleft -id  Wave.1  line
gui_wv_scrollleft -id  Wave.1  line
gui_wv_scrollleft -id  Wave.1  line
gui_wv_scrollleft -id  Wave.1  line
gui_wv_scrollleft -id  Wave.1  line
gui_wv_scrollleft -id  Wave.1  line
gui_wv_scrollleft -id  Wave.1  line
gui_wv_scrollleft -id  Wave.1  line
gui_wv_scrollleft -id  Wave.1  line
gui_wv_scrollleft -id  Wave.1  line
gui_wv_scrollleft -id  Wave.1  line
gui_wv_scrollleft -id  Wave.1  line
gui_wv_scrollleft -id  Wave.1  line
gui_wv_scrollleft -id  Wave.1  line
gui_wv_scrollleft -id  Wave.1  line
gui_zoom -window Wave.1 -factor 0.5
gui_list_select -id Wave.1 -selected  { rocketTestHarness.dut.mem.stall   }
gui_list_move  -id  Wave.1    -sid  Wave.1   -after rocketTestHarness.dut.mem.reset {{rocketTestHarness.dut.mem.stall}} 
gui_marker_move -id  Wave.1 C1 9.82317
gui_list_select -id Wave.1 -selected  { rocketTestHarness.dut.mem.reset   }
gui_list_select -id Wave.1 -selected  { Group1   }
gui_wv_scrollright -id  Wave.1  line
gui_wv_scrollright -id  Wave.1  line
gui_wv_scrollright -id  Wave.1  line
gui_wv_scrollright -id  Wave.1  line
gui_wv_scrollright -id  Wave.1  line
gui_marker_move -id  Wave.1 C1 11.113
gui_marker_move -id  Wave.1 C1 10.984
gui_save_session -reload -default_file
gui_list_select -id Wave.1 -selected  { {rocketTestHarness.dut.mem.mem_req_addr[27:0]}   }
gui_save_session -reload -default_file
gui_marker_move -id  Wave.1 C1 10.984
gui_save_session -reload -default_file
gui_marker_move -id  Wave.1 C1 10.8
gui_marker_move -id  Wave.1 C1 11.6
gui_marker_move -id  Wave.1 C1 11.84024
gui_marker_move -id  Wave.1 C1 11.25936
gui_list_select -id Wave.1 -selected  { {rocketTestHarness.dut.mem.icache.load_addr[25:0]}   }
gui_marker_move -id  Wave.1 C1 11.1816
gui_marker_move -id  Wave.1 C1 11.05811
#gui_exit

